GPU: Tesla V100-PCIE-32GB: 7.0
Lines processed: 1049866
File read time: 7.59053 sec
GPU author count time: 0.000185429 sec
Max co-auth. search time: 0.0436158 sec
GPU data generation time: 7.09591e-05 sec
***************************
FINAL RESULTS:
auth  3336, count 343
auth  3345, count 296
auth   167, count 290
auth 14690, count 269
auth 13941, count 264
auth 30095, count 244
auth 13842, count 230
auth   865, count 227
auth  3298, count 225
auth 13811, count 221
First 10 distribution values:
43181
58856
49659
35130
25544
18378
13704
10375
8371
6601
Last: 1
Data saved as "author_data-cuda.txt"
Cumulative running time: 7.6344 sec
